# JRE version: Java(TM) SE Runtime Environment (8.0_181-b13) (build 1.8.0_181-b13)
# Java VM: Java HotSpot(TM) 64-Bit Server VM (25.181-b13 mixed mode linux-amd64 compressed oops)
Heap:
 PSYoungGen      total 1856000K, used 1294125K [0x0000000719180000, 0x00000007c0000000, 0x00000007c0000000)
  eden space 1412608K, 60% used [0x0000000719180000,0x000000074d0c0f60,0x000000076f500000)
  from space 443392K, 99% used [0x000000076f500000,0x000000078a58a7e8,0x000000078a600000)
  to   space 689152K, 0% used [0x0000000795f00000,0x0000000795f00000,0x00000007c0000000)
 ParOldGen       total 1415168K, used 796587K [0x00000005cb400000, 0x0000000621a00000, 0x0000000719180000)
  object space 1415168K, 56% used [0x00000005cb400000,0x00000005fbdead78,0x0000000621a00000)
 Metaspace       used 60602K, capacity 61541K, committed 62040K, reserved 1103872K
  class space    used 7463K, capacity 7692K, committed 7768K, reserved 1048576K
GC Heap History (10 events):
Event: 130,991 GC heap before
{Heap before GC invocations=24 (full 7):
 PSYoungGen      total 2196992K, used 2037726K [0x0000000719180000, 0x00000007c0000000, 0x00000007c0000000)
  eden space 1714688K, 100% used [0x0000000719180000,0x0000000781c00000,0x0000000781c00000)
  from space 482304K, 66% used [0x00000007a2900000,0x00000007b6477860,0x00000007c0000000)
  to   space 509952K, 0% used [0x0000000781c00000,0x0000000781c00000,0x00000007a0e00000)
 ParOldGen       total 1415168K, used 796523K [0x00000005cb400000, 0x0000000621a00000, 0x0000000719180000)
  object space 1415168K, 56% used [0x00000005cb400000,0x00000005fbddae60,0x0000000621a00000)
 Metaspace       used 60067K, capacity 61023K, committed 61528K, reserved 1103872K
  class space    used 7445K, capacity 7691K, committed 7768K, reserved 1048576K
Event: 131,085 GC heap after
Heap after GC invocations=24 (full 7):
 PSYoungGen      total 2062848K, used 347842K [0x0000000719180000, 0x00000007c0000000, 0x00000007c0000000)
  eden space 1714688K, 0% used [0x0000000719180000,0x0000000719180000,0x0000000781c00000)
  from space 348160K, 99% used [0x0000000781c00000,0x0000000796fb08b8,0x0000000797000000)
  to   space 539136K, 0% used [0x000000079f180000,0x000000079f180000,0x00000007c0000000)
 ParOldGen       total 1415168K, used 796531K [0x00000005cb400000, 0x0000000621a00000, 0x0000000719180000)
  object space 1415168K, 56% used [0x00000005cb400000,0x00000005fbddce60,0x0000000621a00000)
 Metaspace       used 60067K, capacity 61023K, committed 61528K, reserved 1103872K
  class space    used 7445K, capacity 7691K, committed 7768K, reserved 1048576K
}
Event: 143,136 GC heap before
{Heap before GC invocations=25 (full 7):
 PSYoungGen      total 2062848K, used 2062530K [0x0000000719180000, 0x00000007c0000000, 0x00000007c0000000)
  eden space 1714688K, 100% used [0x0000000719180000,0x0000000781c00000,0x0000000781c00000)
  from space 348160K, 99% used [0x0000000781c00000,0x0000000796fb08b8,0x0000000797000000)
  to   space 539136K, 0% used [0x000000079f180000,0x000000079f180000,0x00000007c0000000)
 ParOldGen       total 1415168K, used 796535K [0x00000005cb400000, 0x0000000621a00000, 0x0000000719180000)
  object space 1415168K, 56% used [0x00000005cb400000,0x00000005fbdddee0,0x0000000621a00000)
 Metaspace       used 60237K, capacity 61215K, committed 61784K, reserved 1103872K
  class space    used 7450K, capacity 7691K, committed 7768K, reserved 1048576K
Event: 143,247 GC heap after
Heap after GC invocations=25 (full 7):
 PSYoungGen      total 2105344K, used 409819K [0x0000000719180000, 0x00000007c0000000, 0x00000007c0000000)
  eden space 1566208K, 0% used [0x0000000719180000,0x0000000719180000,0x0000000778b00000)
  from space 539136K, 76% used [0x000000079f180000,0x00000007b81b6ca0,0x00000007c0000000)
  to   space 584192K, 0% used [0x0000000778b00000,0x0000000778b00000,0x000000079c580000)
 ParOldGen       total 1415168K, used 796543K [0x00000005cb400000, 0x0000000621a00000, 0x0000000719180000)
  object space 1415168K, 56% used [0x00000005cb400000,0x00000005fbddfee0,0x0000000621a00000)
 Metaspace       used 60237K, capacity 61215K, committed 61784K, reserved 1103872K
  class space    used 7450K, capacity 7691K, committed 7768K, reserved 1048576K
}
Event: 153,991 GC heap before
{Heap before GC invocations=26 (full 7):
 PSYoungGen      total 2105344K, used 1976027K [0x0000000719180000, 0x00000007c0000000, 0x00000007c0000000)
  eden space 1566208K, 100% used [0x0000000719180000,0x0000000778b00000,0x0000000778b00000)
  from space 539136K, 76% used [0x000000079f180000,0x00000007b81b6ca0,0x00000007c0000000)
  to   space 584192K, 0% used [0x0000000778b00000,0x0000000778b00000,0x000000079c580000)
 ParOldGen       total 1415168K, used 796571K [0x00000005cb400000, 0x0000000621a00000, 0x0000000719180000)
  object space 1415168K, 56% used [0x00000005cb400000,0x00000005fbde6d78,0x0000000621a00000)
 Metaspace       used 60259K, capacity 61215K, committed 61784K, reserved 1103872K
  class space    used 7450K, capacity 7691K, committed 7768K, reserved 1048576K
Event: 154,105 GC heap after
Heap after GC invocations=26 (full 7):
 PSYoungGen      total 2000896K, used 434191K [0x0000000719180000, 0x00000007c0000000, 0x00000007c0000000)
  eden space 1566208K, 0% used [0x0000000719180000,0x0000000719180000,0x0000000778b00000)
  from space 434688K, 99% used [0x0000000778b00000,0x0000000793303fb8,0x0000000793380000)
  to   space 627712K, 0% used [0x0000000799b00000,0x0000000799b00000,0x00000007c0000000)
 ParOldGen       total 1415168K, used 796579K [0x00000005cb400000, 0x0000000621a00000, 0x0000000719180000)
  object space 1415168K, 56% used [0x00000005cb400000,0x00000005fbde8d78,0x0000000621a00000)
 Metaspace       used 60259K, capacity 61215K, committed 61784K, reserved 1103872K
  class space    used 7450K, capacity 7691K, committed 7768K, reserved 1048576K
}
Event: 197,437 GC heap before
{Heap before GC invocations=27 (full 7):
 PSYoungGen      total 2000896K, used 2000399K [0x0000000719180000, 0x00000007c0000000, 0x00000007c0000000)
  eden space 1566208K, 100% used [0x0000000719180000,0x0000000778b00000,0x0000000778b00000)
  from space 434688K, 99% used [0x0000000778b00000,0x0000000793303fb8,0x0000000793380000)
  to   space 627712K, 0% used [0x0000000799b00000,0x0000000799b00000,0x00000007c0000000)
 ParOldGen       total 1415168K, used 796579K [0x00000005cb400000, 0x0000000621a00000, 0x0000000719180000)
  object space 1415168K, 56% used [0x00000005cb400000,0x00000005fbde8d78,0x0000000621a00000)
 Metaspace       used 60431K, capacity 61349K, committed 61784K, reserved 1103872K
  class space    used 7453K, capacity 7692K, committed 7768K, reserved 1048576K
Event: 197,550 GC heap after
Heap after GC invocations=27 (full 7):
 PSYoungGen      total 2040320K, used 433802K [0x0000000719180000, 0x00000007c0000000, 0x00000007c0000000)
  eden space 1412608K, 0% used [0x0000000719180000,0x0000000719180000,0x000000076f500000)
  from space 627712K, 69% used [0x0000000799b00000,0x00000007b42a2aa8,0x00000007c0000000)
  to   space 660992K, 0% used [0x000000076f500000,0x000000076f500000,0x0000000797a80000)
 ParOldGen       total 1415168K, used 796587K [0x00000005cb400000, 0x0000000621a00000, 0x0000000719180000)
  object space 1415168K, 56% used [0x00000005cb400000,0x00000005fbdead78,0x0000000621a00000)
 Metaspace       used 60431K, capacity 61349K, committed 61784K, reserved 1103872K
  class space    used 7453K, capacity 7692K, committed 7768K, reserved 1048576K
}
Event: 240,018 GC heap before
{Heap before GC invocations=28 (full 7):
 PSYoungGen      total 2040320K, used 1846410K [0x0000000719180000, 0x00000007c0000000, 0x00000007c0000000)
  eden space 1412608K, 100% used [0x0000000719180000,0x000000076f500000,0x000000076f500000)
  from space 627712K, 69% used [0x0000000799b00000,0x00000007b42a2aa8,0x00000007c0000000)
  to   space 660992K, 0% used [0x000000076f500000,0x000000076f500000,0x0000000797a80000)
 ParOldGen       total 1415168K, used 796587K [0x00000005cb400000, 0x0000000621a00000, 0x0000000719180000)
  object space 1415168K, 56% used [0x00000005cb400000,0x00000005fbdead78,0x0000000621a00000)
 Metaspace       used 60469K, capacity 61413K, committed 62040K, reserved 1103872K
  class space    used 7453K, capacity 7692K, committed 7768K, reserved 1048576K
Event: 240,135 GC heap after
Heap after GC invocations=28 (full 7):
 PSYoungGen      total 1856000K, used 442921K [0x0000000719180000, 0x00000007c0000000, 0x00000007c0000000)
  eden space 1412608K, 0% used [0x0000000719180000,0x0000000719180000,0x000000076f500000)
  from space 443392K, 99% used [0x000000076f500000,0x000000078a58a7e8,0x000000078a600000)
  to   space 689152K, 0% used [0x0000000795f00000,0x0000000795f00000,0x00000007c0000000)
 ParOldGen       total 1415168K, used 796587K [0x00000005cb400000, 0x0000000621a00000, 0x0000000719180000)
  object space 1415168K, 56% used [0x00000005cb400000,0x00000005fbdead78,0x0000000621a00000)
 Metaspace       used 60469K, capacity 61413K, committed 62040K, reserved 1103872K
  class space    used 7453K, capacity 7692K, committed 7768K, reserved 1048576K
}

